<?xml version="1.0" encoding="UTF-8"?>
<testng-results skipped="0" failed="0" total="1" passed="1">
  <reporter-output>
  </reporter-output>
  <suite name="Default suite" duration-ms="207777" started-at="2015-05-07T20:35:31Z" finished-at="2015-05-07T20:38:59Z">
    <groups>
    </groups>
    <test name="Default test" duration-ms="207777" started-at="2015-05-07T20:35:31Z" finished-at="2015-05-07T20:38:59Z">
      <class name="test.cases.instantInk.ISEPTests.BodyLinks.iSEP_BodyLinks_EnrollNewPrinter">
        <test-method status="PASS" signature="setUp()[pri:0, instance:test.cases.instantInk.ISEPTests.BodyLinks.iSEP_BodyLinks_EnrollNewPrinter@4a70f11d]" name="setUp" is-config="true" duration-ms="16872" started-at="2015-05-07T13:35:31Z" finished-at="2015-05-07T13:35:48Z">
          <reporter-output>
          </reporter-output>
        </test-method> <!-- setUp -->
        <test-method status="PASS" signature="test_Help()[pri:0, instance:test.cases.instantInk.ISEPTests.BodyLinks.iSEP_BodyLinks_EnrollNewPrinter@4a70f11d]" name="test_Help" duration-ms="190673" started-at="2015-05-07T13:35:48Z" finished-at="2015-05-07T13:38:59Z">
          <reporter-output>
          </reporter-output>
        </test-method> <!-- test_Help -->
        <test-method status="PASS" signature="tearDown()[pri:0, instance:test.cases.instantInk.ISEPTests.BodyLinks.iSEP_BodyLinks_EnrollNewPrinter@4a70f11d]" name="tearDown" is-config="true" duration-ms="215" started-at="2015-05-07T13:38:59Z" finished-at="2015-05-07T13:38:59Z">
          <reporter-output>
          </reporter-output>
        </test-method> <!-- tearDown -->
      </class> <!-- test.cases.instantInk.ISEPTests.BodyLinks.iSEP_BodyLinks_EnrollNewPrinter -->
    </test> <!-- Default test -->
  </suite> <!-- Default suite -->
</testng-results>
